android/app/build/intermediates/manifest_merge_blame_file/debug/processDebugMainManifest/manifest-merger-blame-debug-report.txt
1<?xml version="1.0" encoding="utf-8"?>
2<manifest xmlns:android="http://schemas.android.com/apk/res/android"
3    package="com.example.p_hn25"
4    android:versionCode="1"
5    android:versionName="1.0.0" >
6
7    <uses-sdk
8        android:minSdkVersion="24"
9        android:targetSdkVersion="36" />
10    <!--
11         The INTERNET permission is required for development. Specifically,
12         the Flutter tool needs it to communicate with the running application
13         to allow setting breakpoints, to provide hot reload, etc.
14    -->
15    <uses-permission android:name="android.permission.INTERNET" />
15-->src\main\AndroidManifest.xml:4:1-63
15-->src\main\AndroidManifest.xml:4:18-60
16    <uses-permission android:name="android.permission.CAMERA" />
16-->src\main\AndroidManifest.xml:3:1-60
16-->src\main\AndroidManifest.xml:3:18-58
17    <uses-permission android:name="android.permission.READ_MEDIA_IMAGES" />
17-->src\main\AndroidManifest.xml:5:1-72
17-->src\main\AndroidManifest.xml:5:18-69
18    <uses-permission
18-->src\main\AndroidManifest.xml:6:1-103
19        android:name="android.permission.READ_EXTERNAL_STORAGE"
19-->src\main\AndroidManifest.xml:6:18-73
20        android:maxSdkVersion="32" />
20-->src\main\AndroidManifest.xml:6:74-100
21    <uses-permission
21-->src\main\AndroidManifest.xml:7:1-104
22        android:name="android.permission.WRITE_EXTERNAL_STORAGE"
22-->src\main\AndroidManifest.xml:7:18-74
23        android:maxSdkVersion="29" />
23-->src\main\AndroidManifest.xml:7:75-101
24    <!--
25 Required to query activities that can process text, see:
26         https://developer.android.com/training/package-visibility and
27         https://developer.android.com/reference/android/content/Intent#ACTION_PROCESS_TEXT.
28
29         In particular, this is used by the Flutter engine in io.flutter.plugin.text.ProcessTextPlugin.
30    -->
31    <queries>
31-->src\main\AndroidManifest.xml:54:5-59:15
32        <intent>
32-->src\main\AndroidManifest.xml:55:9-58:18
33            <action android:name="android.intent.action.PROCESS_TEXT" />
33-->src\main\AndroidManifest.xml:56:13-72
33-->src\main\AndroidManifest.xml:56:21-70
34
35            <data android:mimeType="text/plain" />
35-->src\main\AndroidManifest.xml:57:13-50
35-->src\main\AndroidManifest.xml:57:19-48
36        </intent>
37    </queries>
38    <queries>
38-->src\main\AndroidManifest.xml:54:5-59:15
39        <intent>
40            <action android:name="android.intent.action.VIEW" />
40-->[com.google.firebase:firebase-auth:24.0.1] AndroidManifest.xml:36:17-69
40-->[com.google.firebase:firebase-auth:24.0.1] AndroidManifest.xml:36:25-66
41
42            <data android:scheme="https" />
42-->src\main\AndroidManifest.xml:57:13-50
43        </intent>
44    </queries>
45
46    <uses-feature
46-->[:mobile_scanner] AndroidManifest.xml:9:5-11:36
47        android:name="android.hardware.camera"
47-->[:mobile_scanner] AndroidManifest.xml:10:9-47
48        android:required="false" />
48-->[:mobile_scanner] AndroidManifest.xml:11:9-33
49
50    <uses-permission android:name="android.permission.VIBRATE" />
50-->[:flutter_local_notifications] AndroidManifest.xml:7:5-66
50-->[:flutter_local_notifications] AndroidManifest.xml:7:22-63
51    <uses-permission android:name="android.permission.POST_NOTIFICATIONS" />
51-->[:flutter_local_notifications] AndroidManifest.xml:8:5-77
51-->[:flutter_local_notifications] AndroidManifest.xml:8:22-74
52    <uses-permission android:name="android.permission.ACCESS_NETWORK_STATE" />
52-->[:connectivity_plus] AndroidManifest.xml:7:5-79
52-->[:connectivity_plus] AndroidManifest.xml:7:22-76
53    <uses-permission android:name="android.permission.WAKE_LOCK" />
53-->[:firebase_messaging] AndroidManifest.xml:8:5-68
53-->[:firebase_messaging] AndroidManifest.xml:8:22-65
54    <uses-permission android:name="android.permission.READ_MEDIA_VIDEO" />
54-->[:open_filex] AndroidManifest.xml:12:5-75
54-->[:open_filex] AndroidManifest.xml:12:22-72
55    <uses-permission android:name="android.permission.READ_MEDIA_AUDIO" /> <!-- Required by older versions of Google Play services to create IID tokens -->
55-->[:open_filex] AndroidManifest.xml:13:5-75
55-->[:open_filex] AndroidManifest.xml:13:22-72
56    <uses-permission android:name="com.google.android.c2dm.permission.RECEIVE" />
56-->[com.google.firebase:firebase-messaging:25.0.0] AndroidManifest.xml:26:5-82
56-->[com.google.firebase:firebase-messaging:25.0.0] AndroidManifest.xml:26:22-79
57    <uses-permission android:name="com.google.android.providers.gsf.permission.READ_GSERVICES" />
57-->[com.google.android.recaptcha:recaptcha:18.6.1] AndroidManifest.xml:9:5-98
57-->[com.google.android.recaptcha:recaptcha:18.6.1] AndroidManifest.xml:9:22-95
58
59    <permission
59-->[androidx.core:core:1.13.1] AndroidManifest.xml:22:5-24:47
60        android:name="com.example.p_hn25.DYNAMIC_RECEIVER_NOT_EXPORTED_PERMISSION"
60-->[androidx.core:core:1.13.1] AndroidManifest.xml:23:9-81
61        android:protectionLevel="signature" />
61-->[androidx.core:core:1.13.1] AndroidManifest.xml:24:9-44
62
63    <uses-permission android:name="com.example.p_hn25.DYNAMIC_RECEIVER_NOT_EXPORTED_PERMISSION" />
63-->[androidx.core:core:1.13.1] AndroidManifest.xml:26:5-97
63-->[androidx.core:core:1.13.1] AndroidManifest.xml:26:22-94
64
65    <application
66        android:name="android.app.Application"
67        android:appComponentFactory="androidx.core.app.CoreComponentFactory"
67-->[androidx.core:core:1.13.1] AndroidManifest.xml:28:18-86
68        android:debuggable="true"
69        android:extractNativeLibs="false"
70        android:icon="@mipmap/ic_launcher"
71        android:label="MedicalHand"
72        android:requestLegacyExternalStorage="true" >
73        <activity
74            android:name="com.example.p_hn25.MainActivity"
75            android:configChanges="orientation|keyboardHidden|keyboard|screenSize|smallestScreenSize|locale|layoutDirection|fontScale|screenLayout|density|uiMode"
76            android:exported="true"
77            android:hardwareAccelerated="true"
78            android:launchMode="singleTop"
79            android:taskAffinity=""
80            android:theme="@style/LaunchTheme"
81            android:windowSoftInputMode="adjustResize" >
82
83            <!--
84                 Specifies an Android theme to apply to this Activity as soon as
85                 the Android process has started. This theme is visible to the user
86                 while the Flutter UI initializes. After that, this theme continues
87                 to determine the Window background behind the Flutter UI.
88            -->
89            <meta-data
90                android:name="io.flutter.embedding.android.NormalTheme"
91                android:resource="@style/NormalTheme" />
92
93            <intent-filter>
94                <action android:name="android.intent.action.MAIN" />
95
96                <category android:name="android.intent.category.LAUNCHER" />
97            </intent-filter>
98        </activity>
99        <!--
100             Don't delete the meta-data below.
101             This is used by the Flutter tool to generate GeneratedPluginRegistrant.java
102        -->
103        <meta-data
104            android:name="flutterEmbedding"
105            android:value="2" />
106        <meta-data
107            android:name="com.google.firebase.messaging.default_notification_channel_id"
108            android:value="high_importance_channel" />
109
110        <provider
110-->[:image_picker_android] AndroidManifest.xml:9:9-17:20
111            android:name="io.flutter.plugins.imagepicker.ImagePickerFileProvider"
111-->[:image_picker_android] AndroidManifest.xml:10:13-82
112            android:authorities="com.example.p_hn25.flutter.image_provider"
112-->[:image_picker_android] AndroidManifest.xml:11:13-74
113            android:exported="false"
113-->[:image_picker_android] AndroidManifest.xml:12:13-37
114            android:grantUriPermissions="true" >
114-->[:image_picker_android] AndroidManifest.xml:13:13-47
115            <meta-data
115-->[:image_picker_android] AndroidManifest.xml:14:13-16:75
116                android:name="android.support.FILE_PROVIDER_PATHS"
116-->[:image_picker_android] AndroidManifest.xml:15:17-67
117                android:resource="@xml/flutter_image_picker_file_paths" />
117-->[:image_picker_android] AndroidManifest.xml:16:17-72
118        </provider> <!-- Trigger Google Play services to install the backported photo picker module. -->
119        <service
119-->[:image_picker_android] AndroidManifest.xml:19:9-31:19
120            android:name="com.google.android.gms.metadata.ModuleDependencies"
120-->[:image_picker_android] AndroidManifest.xml:20:13-78
121            android:enabled="false"
121-->[:image_picker_android] AndroidManifest.xml:21:13-36
122            android:exported="false" >
122-->[:image_picker_android] AndroidManifest.xml:22:13-37
123            <intent-filter>
123-->[:image_picker_android] AndroidManifest.xml:24:13-26:29
124                <action android:name="com.google.android.gms.metadata.MODULE_DEPENDENCIES" />
124-->[:image_picker_android] AndroidManifest.xml:25:17-94
124-->[:image_picker_android] AndroidManifest.xml:25:25-91
125            </intent-filter>
126
127            <meta-data
127-->[:image_picker_android] AndroidManifest.xml:28:13-30:36
128                android:name="photopicker_activity:0:required"
128-->[:image_picker_android] AndroidManifest.xml:29:17-63
129                android:value="" />
129-->[:image_picker_android] AndroidManifest.xml:30:17-33
130        </service>
131
132        <activity
132-->[:url_launcher_android] AndroidManifest.xml:8:9-11:74
133            android:name="io.flutter.plugins.urllauncher.WebViewActivity"
133-->[:url_launcher_android] AndroidManifest.xml:9:13-74
134            android:exported="false"
134-->[:url_launcher_android] AndroidManifest.xml:10:13-37
135            android:theme="@android:style/Theme.NoTitleBar.Fullscreen" />
135-->[:url_launcher_android] AndroidManifest.xml:11:13-71
136
137        <service
137-->[:cloud_firestore] AndroidManifest.xml:8:9-12:19
138            android:name="com.google.firebase.components.ComponentDiscoveryService"
138-->[:cloud_firestore] AndroidManifest.xml:8:18-89
139            android:directBootAware="true"
139-->[com.google.firebase:firebase-common:22.0.0] AndroidManifest.xml:32:13-43
140            android:exported="false" >
140-->[com.google.firebase:firebase-auth:24.0.1] AndroidManifest.xml:68:13-37
141            <meta-data
141-->[:cloud_firestore] AndroidManifest.xml:9:13-11:85
142                android:name="com.google.firebase.components:io.flutter.plugins.firebase.firestore.FlutterFirebaseFirestoreRegistrar"
142-->[:cloud_firestore] AndroidManifest.xml:10:17-134
143                android:value="com.google.firebase.components.ComponentRegistrar" />
143-->[:cloud_firestore] AndroidManifest.xml:11:17-82
144            <meta-data
144-->[:firebase_app_check] AndroidManifest.xml:9:13-11:85
145                android:name="com.google.firebase.components:io.flutter.plugins.firebase.appcheck.FlutterFirebaseAppRegistrar"
145-->[:firebase_app_check] AndroidManifest.xml:10:17-127
146                android:value="com.google.firebase.components.ComponentRegistrar" />
146-->[:firebase_app_check] AndroidManifest.xml:11:17-82
147            <meta-data
147-->[:firebase_auth] AndroidManifest.xml:9:13-11:85
148                android:name="com.google.firebase.components:io.flutter.plugins.firebase.auth.FlutterFirebaseAuthRegistrar"
148-->[:firebase_auth] AndroidManifest.xml:10:17-124
149                android:value="com.google.firebase.components.ComponentRegistrar" />
149-->[:firebase_auth] AndroidManifest.xml:11:17-82
150            <meta-data
150-->[:firebase_messaging] AndroidManifest.xml:36:13-38:85
151                android:name="com.google.firebase.components:io.flutter.plugins.firebase.messaging.FlutterFirebaseAppRegistrar"
151-->[:firebase_messaging] AndroidManifest.xml:37:17-128
152                android:value="com.google.firebase.components.ComponentRegistrar" />
152-->[:firebase_messaging] AndroidManifest.xml:38:17-82
153            <meta-data
153-->[:firebase_storage] AndroidManifest.xml:9:13-11:85
154                android:name="com.google.firebase.components:io.flutter.plugins.firebase.storage.FlutterFirebaseAppRegistrar"
154-->[:firebase_storage] AndroidManifest.xml:10:17-126
155                android:value="com.google.firebase.components.ComponentRegistrar" />
155-->[:firebase_storage] AndroidManifest.xml:11:17-82
156            <meta-data
156-->[:firebase_core] AndroidManifest.xml:9:13-11:85
157                android:name="com.google.firebase.components:io.flutter.plugins.firebase.core.FlutterFirebaseCoreRegistrar"
157-->[:firebase_core] AndroidManifest.xml:10:17-124
158                android:value="com.google.firebase.components.ComponentRegistrar" />
158-->[:firebase_core] AndroidManifest.xml:11:17-82
159            <meta-data
159-->[com.google.firebase:firebase-auth:24.0.1] AndroidManifest.xml:69:13-71:85
160                android:name="com.google.firebase.components:com.google.firebase.auth.FirebaseAuthRegistrar"
160-->[com.google.firebase:firebase-auth:24.0.1] AndroidManifest.xml:70:17-109
161                android:value="com.google.firebase.components.ComponentRegistrar" />
161-->[com.google.firebase:firebase-auth:24.0.1] AndroidManifest.xml:71:17-82
162            <meta-data
162-->[com.google.firebase:firebase-appcheck-debug:19.0.0] AndroidManifest.xml:25:13-27:85
163                android:name="com.google.firebase.components:com.google.firebase.appcheck.debug.FirebaseAppCheckDebugRegistrar"
163-->[com.google.firebase:firebase-appcheck-debug:19.0.0] AndroidManifest.xml:26:17-128
164                android:value="com.google.firebase.components.ComponentRegistrar" />
164-->[com.google.firebase:firebase-appcheck-debug:19.0.0] AndroidManifest.xml:27:17-82
165            <meta-data
165-->[com.google.firebase:firebase-appcheck-playintegrity:19.0.0] AndroidManifest.xml:25:13-27:85
166                android:name="com.google.firebase.components:com.google.firebase.appcheck.playintegrity.FirebaseAppCheckPlayIntegrityRegistrar"
166-->[com.google.firebase:firebase-appcheck-playintegrity:19.0.0] AndroidManifest.xml:26:17-144
167                android:value="com.google.firebase.components.ComponentRegistrar" />
167-->[com.google.firebase:firebase-appcheck-playintegrity:19.0.0] AndroidManifest.xml:27:17-82
168            <meta-data
168-->[com.google.firebase:firebase-firestore:26.0.0] AndroidManifest.xml:17:13-19:85
169                android:name="com.google.firebase.components:com.google.firebase.firestore.FirebaseFirestoreKtxRegistrar"
169-->[com.google.firebase:firebase-firestore:26.0.0] AndroidManifest.xml:18:17-122
170                android:value="com.google.firebase.components.ComponentRegistrar" />
170-->[com.google.firebase:firebase-firestore:26.0.0] AndroidManifest.xml:19:17-82
171            <meta-data
171-->[com.google.firebase:firebase-firestore:26.0.0] AndroidManifest.xml:20:13-22:85
172                android:name="com.google.firebase.components:com.google.firebase.firestore.FirestoreRegistrar"
172-->[com.google.firebase:firebase-firestore:26.0.0] AndroidManifest.xml:21:17-111
173                android:value="com.google.firebase.components.ComponentRegistrar" />
173-->[com.google.firebase:firebase-firestore:26.0.0] AndroidManifest.xml:22:17-82
174            <meta-data
174-->[com.google.firebase:firebase-messaging:25.0.0] AndroidManifest.xml:57:13-59:85
175                android:name="com.google.firebase.components:com.google.firebase.messaging.FirebaseMessagingKtxRegistrar"
175-->[com.google.firebase:firebase-messaging:25.0.0] AndroidManifest.xml:58:17-122
176                android:value="com.google.firebase.components.ComponentRegistrar" />
176-->[com.google.firebase:firebase-messaging:25.0.0] AndroidManifest.xml:59:17-82
177            <meta-data
177-->[com.google.firebase:firebase-messaging:25.0.0] AndroidManifest.xml:60:13-62:85
178                android:name="com.google.firebase.components:com.google.firebase.messaging.FirebaseMessagingRegistrar"
178-->[com.google.firebase:firebase-messaging:25.0.0] AndroidManifest.xml:61:17-119
179                android:value="com.google.firebase.components.ComponentRegistrar" />
179-->[com.google.firebase:firebase-messaging:25.0.0] AndroidManifest.xml:62:17-82
180            <meta-data
180-->[com.google.firebase:firebase-storage:22.0.0] AndroidManifest.xml:30:13-32:85
181                android:name="com.google.firebase.components:com.google.firebase.storage.FirebaseStorageKtxRegistrar"
181-->[com.google.firebase:firebase-storage:22.0.0] AndroidManifest.xml:31:17-118
182                android:value="com.google.firebase.components.ComponentRegistrar" />
182-->[com.google.firebase:firebase-storage:22.0.0] AndroidManifest.xml:32:17-82
183            <meta-data
183-->[com.google.firebase:firebase-storage:22.0.0] AndroidManifest.xml:33:13-35:85
184                android:name="com.google.firebase.components:com.google.firebase.storage.StorageRegistrar"
184-->[com.google.firebase:firebase-storage:22.0.0] AndroidManifest.xml:34:17-107
185                android:value="com.google.firebase.components.ComponentRegistrar" />
185-->[com.google.firebase:firebase-storage:22.0.0] AndroidManifest.xml:35:17-82
186            <meta-data
186-->[com.google.firebase:firebase-appcheck:19.0.0] AndroidManifest.xml:25:13-27:85
187                android:name="com.google.firebase.components:com.google.firebase.appcheck.FirebaseAppCheckKtxRegistrar"
187-->[com.google.firebase:firebase-appcheck:19.0.0] AndroidManifest.xml:26:17-120
188                android:value="com.google.firebase.components.ComponentRegistrar" />
188-->[com.google.firebase:firebase-appcheck:19.0.0] AndroidManifest.xml:27:17-82
189            <meta-data
189-->[com.google.firebase:firebase-appcheck:19.0.0] AndroidManifest.xml:28:13-30:85
190                android:name="com.google.firebase.components:com.google.firebase.appcheck.FirebaseAppCheckRegistrar"
190-->[com.google.firebase:firebase-appcheck:19.0.0] AndroidManifest.xml:29:17-117
191                android:value="com.google.firebase.components.ComponentRegistrar" />
191-->[com.google.firebase:firebase-appcheck:19.0.0] AndroidManifest.xml:30:17-82
192            <meta-data
192-->[com.google.firebase:firebase-installations:19.0.0] AndroidManifest.xml:15:13-17:85
193                android:name="com.google.firebase.components:com.google.firebase.installations.FirebaseInstallationsKtxRegistrar"
193-->[com.google.firebase:firebase-installations:19.0.0] AndroidManifest.xml:16:17-130
194                android:value="com.google.firebase.components.ComponentRegistrar" />
194-->[com.google.firebase:firebase-installations:19.0.0] AndroidManifest.xml:17:17-82
195            <meta-data
195-->[com.google.firebase:firebase-installations:19.0.0] AndroidManifest.xml:18:13-20:85
196                android:name="com.google.firebase.components:com.google.firebase.installations.FirebaseInstallationsRegistrar"
196-->[com.google.firebase:firebase-installations:19.0.0] AndroidManifest.xml:19:17-127
197                android:value="com.google.firebase.components.ComponentRegistrar" />
197-->[com.google.firebase:firebase-installations:19.0.0] AndroidManifest.xml:20:17-82
198            <meta-data
198-->[com.google.firebase:firebase-common:22.0.0] AndroidManifest.xml:35:13-37:85
199                android:name="com.google.firebase.components:com.google.firebase.FirebaseCommonKtxRegistrar"
199-->[com.google.firebase:firebase-common:22.0.0] AndroidManifest.xml:36:17-109
200                android:value="com.google.firebase.components.ComponentRegistrar" />
200-->[com.google.firebase:firebase-common:22.0.0] AndroidManifest.xml:37:17-82
201            <meta-data
201-->[com.google.firebase:firebase-datatransport:18.2.0] AndroidManifest.xml:25:13-27:85
202                android:name="com.google.firebase.components:com.google.firebase.datatransport.TransportRegistrar"
202-->[com.google.firebase:firebase-datatransport:18.2.0] AndroidManifest.xml:26:17-115
203                android:value="com.google.firebase.components.ComponentRegistrar" />
203-->[com.google.firebase:firebase-datatransport:18.2.0] AndroidManifest.xml:27:17-82
204        </service>
205        <service
205-->[:firebase_messaging] AndroidManifest.xml:14:9-17:72
206            android:name="io.flutter.plugins.firebase.messaging.FlutterFirebaseMessagingBackgroundService"
206-->[:firebase_messaging] AndroidManifest.xml:15:13-107
207            android:exported="false"
207-->[:firebase_messaging] AndroidManifest.xml:16:13-37
208            android:permission="android.permission.BIND_JOB_SERVICE" />
208-->[:firebase_messaging] AndroidManifest.xml:17:13-69
209        <service
209-->[:firebase_messaging] AndroidManifest.xml:18:9-24:19
210            android:name="io.flutter.plugins.firebase.messaging.FlutterFirebaseMessagingService"
210-->[:firebase_messaging] AndroidManifest.xml:19:13-97
211            android:exported="false" >
211-->[:firebase_messaging] AndroidManifest.xml:20:13-37
212            <intent-filter>
212-->[:firebase_messaging] AndroidManifest.xml:21:13-23:29
213                <action android:name="com.google.firebase.MESSAGING_EVENT" />
213-->[:firebase_messaging] AndroidManifest.xml:22:17-78
213-->[:firebase_messaging] AndroidManifest.xml:22:25-75
214            </intent-filter>
215        </service>
216
217        <receiver
217-->[:firebase_messaging] AndroidManifest.xml:26:9-33:20
218            android:name="io.flutter.plugins.firebase.messaging.FlutterFirebaseMessagingReceiver"
218-->[:firebase_messaging] AndroidManifest.xml:27:13-98
219            android:exported="true"
219-->[:firebase_messaging] AndroidManifest.xml:28:13-36
220            android:permission="com.google.android.c2dm.permission.SEND" >
220-->[:firebase_messaging] AndroidManifest.xml:29:13-73
221            <intent-filter>
221-->[:firebase_messaging] AndroidManifest.xml:30:13-32:29
222                <action android:name="com.google.android.c2dm.intent.RECEIVE" />
222-->[:firebase_messaging] AndroidManifest.xml:31:17-81
222-->[:firebase_messaging] AndroidManifest.xml:31:25-78
223            </intent-filter>
224        </receiver>
225
226        <provider
226-->[:firebase_messaging] AndroidManifest.xml:41:9-45:38
227            android:name="io.flutter.plugins.firebase.messaging.FlutterFirebaseMessagingInitProvider"
227-->[:firebase_messaging] AndroidManifest.xml:42:13-102
228            android:authorities="com.example.p_hn25.flutterfirebasemessaginginitprovider"
228-->[:firebase_messaging] AndroidManifest.xml:43:13-88
229            android:exported="false"
229-->[:firebase_messaging] AndroidManifest.xml:44:13-37
230            android:initOrder="99" />
230-->[:firebase_messaging] AndroidManifest.xml:45:13-35
231        <provider
231-->[:open_filex] AndroidManifest.xml:16:9-25:20
232            android:name="com.crazecoder.openfile.FileProvider"
232-->[:open_filex] AndroidManifest.xml:17:13-64
233            android:authorities="com.example.p_hn25.fileProvider.com.crazecoder.openfile"
233-->[:open_filex] AndroidManifest.xml:18:13-88
234            android:exported="false"
234-->[:open_filex] AndroidManifest.xml:19:13-37
235            android:grantUriPermissions="true" >
235-->[:open_filex] AndroidManifest.xml:20:13-47
236            <meta-data
236-->[:image_picker_android] AndroidManifest.xml:14:13-16:75
237                android:name="android.support.FILE_PROVIDER_PATHS"
237-->[:image_picker_android] AndroidManifest.xml:15:17-67
238                android:resource="@xml/filepaths" />
238-->[:image_picker_android] AndroidManifest.xml:16:17-72
239        </provider>
240        <!--
241        Service for holding metadata. Cannot be instantiated.
242        Metadata will be merged from other manifests.
243        -->
244        <service
244-->[androidx.camera:camera-core:1.5.0] AndroidManifest.xml:29:9-33:78
245            android:name="androidx.camera.core.impl.MetadataHolderService"
245-->[androidx.camera:camera-core:1.5.0] AndroidManifest.xml:30:13-75
246            android:enabled="false"
246-->[androidx.camera:camera-core:1.5.0] AndroidManifest.xml:31:13-36
247            android:exported="false" >
247-->[androidx.camera:camera-core:1.5.0] AndroidManifest.xml:32:13-37
248            <meta-data
248-->[androidx.camera:camera-camera2:1.5.0] AndroidManifest.xml:30:13-32:89
249                android:name="androidx.camera.core.impl.MetadataHolderService.DEFAULT_CONFIG_PROVIDER"
249-->[androidx.camera:camera-camera2:1.5.0] AndroidManifest.xml:31:17-103
250                android:value="androidx.camera.camera2.Camera2Config$DefaultProvider" />
250-->[androidx.camera:camera-camera2:1.5.0] AndroidManifest.xml:32:17-86
251        </service>
252        <service
252-->[com.google.android.gms:play-services-mlkit-barcode-scanning:18.3.1] AndroidManifest.xml:9:9-15:19
253            android:name="com.google.mlkit.common.internal.MlKitComponentDiscoveryService"
253-->[com.google.android.gms:play-services-mlkit-barcode-scanning:18.3.1] AndroidManifest.xml:10:13-91
254            android:directBootAware="true"
254-->[com.google.mlkit:common:18.11.0] AndroidManifest.xml:17:13-43
255            android:exported="false" >
255-->[com.google.android.gms:play-services-mlkit-barcode-scanning:18.3.1] AndroidManifest.xml:11:13-37
256            <meta-data
256-->[com.google.android.gms:play-services-mlkit-barcode-scanning:18.3.1] AndroidManifest.xml:12:13-14:85
257                android:name="com.google.firebase.components:com.google.mlkit.vision.barcode.internal.BarcodeRegistrar"
257-->[com.google.android.gms:play-services-mlkit-barcode-scanning:18.3.1] AndroidManifest.xml:13:17-120
258                android:value="com.google.firebase.components.ComponentRegistrar" />
258-->[com.google.android.gms:play-services-mlkit-barcode-scanning:18.3.1] AndroidManifest.xml:14:17-82
259            <meta-data
259-->[com.google.mlkit:vision-common:17.3.0] AndroidManifest.xml:12:13-14:85
260                android:name="com.google.firebase.components:com.google.mlkit.vision.common.internal.VisionCommonRegistrar"
260-->[com.google.mlkit:vision-common:17.3.0] AndroidManifest.xml:13:17-124
261                android:value="com.google.firebase.components.ComponentRegistrar" />
261-->[com.google.mlkit:vision-common:17.3.0] AndroidManifest.xml:14:17-82
262            <meta-data
262-->[com.google.mlkit:common:18.11.0] AndroidManifest.xml:20:13-22:85
263                android:name="com.google.firebase.components:com.google.mlkit.common.internal.CommonComponentRegistrar"
263-->[com.google.mlkit:common:18.11.0] AndroidManifest.xml:21:17-120
264                android:value="com.google.firebase.components.ComponentRegistrar" />
264-->[com.google.mlkit:common:18.11.0] AndroidManifest.xml:22:17-82
265        </service>
266
267        <provider
267-->[com.google.mlkit:common:18.11.0] AndroidManifest.xml:9:9-13:38
268            android:name="com.google.mlkit.common.internal.MlKitInitProvider"
268-->[com.google.mlkit:common:18.11.0] AndroidManifest.xml:10:13-78
269            android:authorities="com.example.p_hn25.mlkitinitprovider"
269-->[com.google.mlkit:common:18.11.0] AndroidManifest.xml:11:13-69
270            android:exported="false"
270-->[com.google.mlkit:common:18.11.0] AndroidManifest.xml:12:13-37
271            android:initOrder="99" />
271-->[com.google.mlkit:common:18.11.0] AndroidManifest.xml:13:13-35
272
273        <activity
273-->[com.google.firebase:firebase-auth:24.0.1] AndroidManifest.xml:29:9-46:20
274            android:name="com.google.firebase.auth.internal.GenericIdpActivity"
274-->[com.google.firebase:firebase-auth:24.0.1] AndroidManifest.xml:30:13-80
275            android:excludeFromRecents="true"
275-->[com.google.firebase:firebase-auth:24.0.1] AndroidManifest.xml:31:13-46
276            android:exported="true"
276-->[com.google.firebase:firebase-auth:24.0.1] AndroidManifest.xml:32:13-36
277            android:launchMode="singleTask"
277-->[com.google.firebase:firebase-auth:24.0.1] AndroidManifest.xml:33:13-44
278            android:theme="@android:style/Theme.Translucent.NoTitleBar" >
278-->[com.google.firebase:firebase-auth:24.0.1] AndroidManifest.xml:34:13-72
279            <intent-filter>
279-->[com.google.firebase:firebase-auth:24.0.1] AndroidManifest.xml:35:13-45:29
280                <action android:name="android.intent.action.VIEW" />
280-->[com.google.firebase:firebase-auth:24.0.1] AndroidManifest.xml:36:17-69
280-->[com.google.firebase:firebase-auth:24.0.1] AndroidManifest.xml:36:25-66
281
282                <category android:name="android.intent.category.DEFAULT" />
282-->[com.google.firebase:firebase-auth:24.0.1] AndroidManifest.xml:38:17-76
282-->[com.google.firebase:firebase-auth:24.0.1] AndroidManifest.xml:38:27-73
283                <category android:name="android.intent.category.BROWSABLE" />
283-->[com.google.firebase:firebase-auth:24.0.1] AndroidManifest.xml:39:17-78
283-->[com.google.firebase:firebase-auth:24.0.1] AndroidManifest.xml:39:27-75
284
285                <data
285-->src\main\AndroidManifest.xml:57:13-50
286                    android:host="firebase.auth"
287                    android:path="/"
288                    android:scheme="genericidp" />
289            </intent-filter>
290        </activity>
291        <activity
291-->[com.google.firebase:firebase-auth:24.0.1] AndroidManifest.xml:47:9-64:20
292            android:name="com.google.firebase.auth.internal.RecaptchaActivity"
292-->[com.google.firebase:firebase-auth:24.0.1] AndroidManifest.xml:48:13-79
293            android:excludeFromRecents="true"
293-->[com.google.firebase:firebase-auth:24.0.1] AndroidManifest.xml:49:13-46
294            android:exported="true"